2024-03-11 15:34:29,815 - __main__ - INFO - Bot Process stopped, which was running before 18s
2024-03-11 15:34:29,816 - __main__ - INFO - Bot Process stopped, which was running before 18s
2024-03-11 15:34:36,945 - __main__ - INFO - Bot started successfuly.
2024-03-11 15:34:36,949 - __main__ - INFO - Bot started successfuly.
2024-03-11 15:50:12,090 - __main__ - INFO - Bot Process stopped, which was running before 15min 32s
2024-03-11 15:50:17,775 - __main__ - INFO - Bot started successfuly.
2024-03-11 15:50:17,780 - __main__ - INFO - Bot started successfuly.
2024-03-11 16:03:23,106 - __main__ - INFO - Bot Process stopped, which was running before 13min 4s
2024-03-11 16:03:23,107 - __main__ - INFO - Bot Process stopped, which was running before 13min 4s
2024-03-11 16:03:28,073 - __main__ - INFO - Bot started successfuly.
2024-03-11 16:03:28,077 - __main__ - INFO - Bot started successfuly.
2024-03-11 16:03:53,294 - __main__ - INFO - Bot Process stopped, which was running before 24s
2024-03-11 16:03:53,306 - __main__ - INFO - Bot Process stopped, which was running before 24s
2024-03-11 16:05:15,047 - __main__ - INFO - Bot started successfuly.
2024-03-11 16:05:15,061 - __main__ - INFO - Bot started successfuly.
2024-03-11 16:06:15,911 - __main__ - INFO - Bot Process stopped, which was running before 1min 0s
2024-03-11 16:06:15,913 - __main__ - INFO - Bot Process stopped, which was running before 1min 0s
2024-03-11 16:06:22,831 - __main__ - INFO - Bot started successfuly.
2024-03-11 16:06:22,853 - __main__ - INFO - Bot started successfuly.
2024-03-11 16:07:29,690 - __main__ - INFO - Bot started successfuly.
2024-03-11 16:07:29,697 - __main__ - INFO - Bot started successfuly.
2024-03-11 16:11:33,606 - __main__ - INFO - Bot Process stopped, which was running before 4min 3s
2024-03-11 16:11:33,607 - __main__ - INFO - Bot Process stopped, which was running before 4min 3s
2024-03-11 16:11:41,430 - __main__ - INFO - Bot started successfuly.
2024-03-11 16:11:41,440 - __main__ - INFO - Bot started successfuly.
2024-03-11 16:13:27,663 - __main__ - INFO - Bot Process stopped, which was running before 1min 45s
2024-03-11 16:13:27,667 - __main__ - INFO - Bot Process stopped, which was running before 1min 45s
2024-03-11 16:13:33,880 - __main__ - INFO - Bot started successfuly.
2024-03-11 16:13:33,890 - __main__ - INFO - Bot started successfuly.
2024-03-11 16:14:33,657 - __main__ - INFO - Bot Process stopped, which was running before 58s
2024-03-11 16:14:33,658 - __main__ - INFO - Bot Process stopped, which was running before 58s
2024-03-11 16:14:42,680 - __main__ - INFO - Bot started successfuly.
2024-03-11 16:14:42,689 - __main__ - INFO - Bot started successfuly.
2024-03-11 16:15:15,032 - __main__ - INFO - Bot Process stopped, which was running before 31s
2024-03-11 16:15:15,034 - __main__ - INFO - Bot Process stopped, which was running before 31s
2024-03-11 16:15:20,215 - __main__ - INFO - Bot started successfuly.
2024-03-11 16:15:20,221 - __main__ - INFO - Bot started successfuly.
2024-03-11 16:29:00,896 - __main__ - INFO - Bot started successfuly.
2024-03-11 16:29:00,924 - __main__ - INFO - Bot started successfuly.
2024-03-11 16:58:40,239 - __main__ - INFO - Bot Process stopped, which was running before 29min 39s
2024-03-11 16:58:40,240 - __main__ - INFO - Bot Process stopped, which was running before 29min 39s
2024-03-11 16:58:52,385 - __main__ - INFO - Bot started successfuly.
2024-03-11 16:58:52,415 - __main__ - INFO - Bot started successfuly.
2024-03-11 16:59:27,094 - __main__ - INFO - Bot Process stopped, which was running before 33s
2024-03-11 16:59:27,096 - __main__ - INFO - Bot Process stopped, which was running before 33s
2024-03-11 16:59:34,843 - __main__ - INFO - Bot started successfuly.
2024-03-11 16:59:34,847 - __main__ - INFO - Bot started successfuly.
2024-03-11 17:00:28,850 - __main__ - INFO - Bot Process stopped, which was running before 52s
2024-03-11 17:00:28,853 - __main__ - INFO - Bot Process stopped, which was running before 53s
2024-03-11 17:00:51,971 - __main__ - INFO - Bot started successfuly.
2024-03-11 17:00:51,980 - __main__ - INFO - Bot started successfuly.
2024-03-11 17:01:55,753 - __main__ - INFO - Bot Process stopped, which was running before 1min 2s
2024-03-11 17:01:55,754 - __main__ - INFO - Bot Process stopped, which was running before 1min 3s
2024-03-11 17:02:13,230 - __main__ - INFO - Bot started successfuly.
2024-03-11 17:02:13,237 - __main__ - INFO - Bot started successfuly.
2024-03-11 17:02:57,828 - __main__ - INFO - Bot Process stopped, which was running before 44s
2024-03-11 17:02:57,829 - __main__ - INFO - Bot Process stopped, which was running before 44s
2024-03-11 17:03:42,492 - __main__ - INFO - Bot started successfuly.
2024-03-11 17:03:42,499 - __main__ - INFO - Bot started successfuly.
2024-03-11 17:10:21,856 - __main__ - INFO - Bot Process stopped, which was running before 6min 38s
2024-03-11 17:10:21,860 - __main__ - INFO - Bot Process stopped, which was running before 6min 37s
2024-03-11 17:10:42,493 - __main__ - INFO - Bot started successfuly.
2024-03-11 17:10:42,553 - __main__ - INFO - Bot started successfuly.
2024-03-11 17:13:52,550 - __main__ - INFO - Bot Process stopped, which was running before 3min 9s
2024-03-11 17:13:52,553 - __main__ - INFO - Bot Process stopped, which was running before 3min 9s
2024-03-11 17:13:59,427 - __main__ - INFO - Bot started successfuly.
2024-03-11 17:13:59,434 - __main__ - INFO - Bot started successfuly.
2024-03-11 17:14:38,135 - __main__ - INFO - Bot Process stopped, which was running before 37s
2024-03-11 17:14:38,178 - __main__ - INFO - Bot Process stopped, which was running before 37s
2024-03-11 17:14:44,611 - __main__ - INFO - Bot started successfuly.
2024-03-11 17:14:44,616 - __main__ - INFO - Bot started successfuly.
2024-03-16 09:36:25,421 - __main__ - INFO - Bot started successfuly.
2024-03-16 09:36:25,480 - __main__ - INFO - Bot started successfuly.
2024-03-16 09:40:21,846 - __main__ - INFO - Bot Process stopped, which was running before 3min 55s
2024-03-16 09:40:21,848 - __main__ - INFO - Bot Process stopped, which was running before 3min 55s
2024-03-16 09:42:38,195 - __main__ - INFO - Bot started successfuly.
2024-03-16 09:42:38,228 - __main__ - INFO - Bot started successfuly.
2024-03-16 09:57:43,637 - __main__ - INFO - Bot Process stopped, which was running before 15min 4s
2024-03-16 09:57:43,648 - __main__ - INFO - Bot Process stopped, which was running before 15min 4s
2024-03-23 14:10:37,563 - __main__ - INFO - Bot started successfuly.
2024-03-23 14:10:37,572 - __main__ - INFO - Bot started successfuly.
2024-03-24 10:46:12,116 - __main__ - INFO - Bot started successfuly.
2024-03-24 10:46:12,130 - __main__ - INFO - Bot started successfuly.
2024-03-24 10:49:22,097 - __main__ - INFO - Bot started successfuly.
2024-03-24 10:49:22,113 - __main__ - INFO - Bot started successfuly.
2024-03-24 10:49:22,139 - __main__ - INFO - Error in DBolt: [WinError 2] Le fichier spécifié est introuvable
2024-03-24 10:49:22,143 - __main__ - INFO - Bot Process stopped, which was running before 0s
2024-03-24 10:49:22,152 - __main__ - INFO - Error in RACUBot: [WinError 2] Le fichier spécifié est introuvable
2024-03-24 10:49:22,162 - __main__ - INFO - Bot Process stopped, which was running before 2min 42s
2024-03-24 10:51:36,480 - __main__ - INFO - Bot started successfuly.
2024-03-24 10:51:36,480 - __main__ - INFO - Bot started successfuly.
